[24-Jan-2023 10:33:57 UTC] Test erreur
[24-Jan-2023 10:34:47 UTC] Test erreur
[24-Jan-2023 12:23:23 UTC] PHP Warning:  Undefined array key 4 in C:\xampp\htdocs\wordpress_dev\wp-content\plugins\hook.php on line 33
[24-Jan-2023 12:23:23 UTC] PHP Deprecated:  Return type of Requests_Cookie_Jar::offsetExists($key) should either be compatible with ArrayAccess::offsetExists(mixed $offset): bool, or the #[\ReturnTypeWillChange] attribute should be used to temporarily suppress the notice in C:\xampp\htdocs\wordpress_dev\wp-includes\Requests\Cookie\Jar.php on line 63
[24-Jan-2023 12:23:23 UTC] PHP Deprecated:  Return type of Requests_Cookie_Jar::offsetGet($key) should either be compatible with ArrayAccess::offsetGet(mixed $offset): mixed, or the #[\ReturnTypeWillChange] attribute should be used to temporarily suppress the notice in C:\xampp\htdocs\wordpress_dev\wp-includes\Requests\Cookie\Jar.php on line 73
[24-Jan-2023 12:23:23 UTC] PHP Deprecated:  Return type of Requests_Cookie_Jar::offsetSet($key, $value) should either be compatible with ArrayAccess::offsetSet(mixed $offset, mixed $value): void, or the #[\ReturnTypeWillChange] attribute should be used to temporarily suppress the notice in C:\xampp\htdocs\wordpress_dev\wp-includes\Requests\Cookie\Jar.php on line 89
[24-Jan-2023 12:23:23 UTC] PHP Deprecated:  Return type of Requests_Cookie_Jar::offsetUnset($key) should either be compatible with ArrayAccess::offsetUnset(mixed $offset): void, or the #[\ReturnTypeWillChange] attribute should be used to temporarily suppress the notice in C:\xampp\htdocs\wordpress_dev\wp-includes\Requests\Cookie\Jar.php on line 102
[24-Jan-2023 12:23:23 UTC] PHP Deprecated:  Return type of Requests_Cookie_Jar::getIterator() should either be compatible with IteratorAggregate::getIterator(): Traversable, or the #[\ReturnTypeWillChange] attribute should be used to temporarily suppress the notice in C:\xampp\htdocs\wordpress_dev\wp-includes\Requests\Cookie\Jar.php on line 111
[24-Jan-2023 12:23:24 UTC] PHP Warning:  Undefined array key 4 in C:\xampp\htdocs\wordpress_dev\wp-content\plugins\hook.php on line 33
[24-Jan-2023 12:23:24 UTC] PHP Deprecated:  Return type of Requests_Utility_CaseInsensitiveDictionary::offsetExists($key) should either be compatible with ArrayAccess::offsetExists(mixed $offset): bool, or the #[\ReturnTypeWillChange] attribute should be used to temporarily suppress the notice in C:\xampp\htdocs\wordpress_dev\wp-includes\Requests\Utility\CaseInsensitiveDictionary.php on line 40
[24-Jan-2023 12:23:24 UTC] PHP Deprecated:  Return type of Requests_Utility_CaseInsensitiveDictionary::offsetGet($key) should either be compatible with ArrayAccess::offsetGet(mixed $offset): mixed, or the #[\ReturnTypeWillChange] attribute should be used to temporarily suppress the notice in C:\xampp\htdocs\wordpress_dev\wp-includes\Requests\Utility\CaseInsensitiveDictionary.php on line 51
[24-Jan-2023 12:23:24 UTC] PHP Deprecated:  Return type of Requests_Utility_CaseInsensitiveDictionary::offsetSet($key, $value) should either be compatible with ArrayAccess::offsetSet(mixed $offset, mixed $value): void, or the #[\ReturnTypeWillChange] attribute should be used to temporarily suppress the notice in C:\xampp\htdocs\wordpress_dev\wp-includes\Requests\Utility\CaseInsensitiveDictionary.php on line 68
[24-Jan-2023 12:23:24 UTC] PHP Deprecated:  Return type of Requests_Utility_CaseInsensitiveDictionary::offsetUnset($key) should either be compatible with ArrayAccess::offsetUnset(mixed $offset): void, or the #[\ReturnTypeWillChange] attribute should be used to temporarily suppress the notice in C:\xampp\htdocs\wordpress_dev\wp-includes\Requests\Utility\CaseInsensitiveDictionary.php on line 82
[24-Jan-2023 12:23:24 UTC] PHP Deprecated:  Return type of Requests_Utility_CaseInsensitiveDictionary::getIterator() should either be compatible with IteratorAggregate::getIterator(): Traversable, or the #[\ReturnTypeWillChange] attribute should be used to temporarily suppress the notice in C:\xampp\htdocs\wordpress_dev\wp-includes\Requests\Utility\CaseInsensitiveDictionary.php on line 91
[24-Jan-2023 12:23:25 UTC] PHP Warning:  Undefined array key 4 in C:\xampp\htdocs\wordpress_dev\wp-content\plugins\hook.php on line 33
[24-Jan-2023 12:23:26 UTC] PHP Deprecated:  Return type of Requests_Cookie_Jar::offsetExists($key) should either be compatible with ArrayAccess::offsetExists(mixed $offset): bool, or the #[\ReturnTypeWillChange] attribute should be used to temporarily suppress the notice in C:\xampp\htdocs\wordpress_dev\wp-includes\Requests\Cookie\Jar.php on line 63
[24-Jan-2023 12:23:26 UTC] PHP Deprecated:  Return type of Requests_Cookie_Jar::offsetGet($key) should either be compatible with ArrayAccess::offsetGet(mixed $offset): mixed, or the #[\ReturnTypeWillChange] attribute should be used to temporarily suppress the notice in C:\xampp\htdocs\wordpress_dev\wp-includes\Requests\Cookie\Jar.php on line 73
[24-Jan-2023 12:23:26 UTC] PHP Deprecated:  Return type of Requests_Cookie_Jar::offsetSet($key, $value) should either be compatible with ArrayAccess::offsetSet(mixed $offset, mixed $value): void, or the #[\ReturnTypeWillChange] attribute should be used to temporarily suppress the notice in C:\xampp\htdocs\wordpress_dev\wp-includes\Requests\Cookie\Jar.php on line 89
[24-Jan-2023 12:23:26 UTC] PHP Deprecated:  Return type of Requests_Cookie_Jar::offsetUnset($key) should either be compatible with ArrayAccess::offsetUnset(mixed $offset): void, or the #[\ReturnTypeWillChange] attribute should be used to temporarily suppress the notice in C:\xampp\htdocs\wordpress_dev\wp-includes\Requests\Cookie\Jar.php on line 102
[24-Jan-2023 12:23:26 UTC] PHP Deprecated:  Return type of Requests_Cookie_Jar::getIterator() should either be compatible with IteratorAggregate::getIterator(): Traversable, or the #[\ReturnTypeWillChange] attribute should be used to temporarily suppress the notice in C:\xampp\htdocs\wordpress_dev\wp-includes\Requests\Cookie\Jar.php on line 111
[24-Jan-2023 12:23:26 UTC] PHP Deprecated:  http_build_query(): Passing null to parameter #2 ($numeric_prefix) of type string is deprecated in C:\xampp\htdocs\wordpress_dev\wp-includes\Requests\Transport\cURL.php on line 345
[24-Jan-2023 12:23:26 UTC] PHP Deprecated:  Return type of Requests_Utility_CaseInsensitiveDictionary::offsetExists($key) should either be compatible with ArrayAccess::offsetExists(mixed $offset): bool, or the #[\ReturnTypeWillChange] attribute should be used to temporarily suppress the notice in C:\xampp\htdocs\wordpress_dev\wp-includes\Requests\Utility\CaseInsensitiveDictionary.php on line 40
[24-Jan-2023 12:23:26 UTC] PHP Deprecated:  Return type of Requests_Utility_CaseInsensitiveDictionary::offsetGet($key) should either be compatible with ArrayAccess::offsetGet(mixed $offset): mixed, or the #[\ReturnTypeWillChange] attribute should be used to temporarily suppress the notice in C:\xampp\htdocs\wordpress_dev\wp-includes\Requests\Utility\CaseInsensitiveDictionary.php on line 51
[24-Jan-2023 12:23:26 UTC] PHP Deprecated:  Return type of Requests_Utility_CaseInsensitiveDictionary::offsetSet($key, $value) should either be compatible with ArrayAccess::offsetSet(mixed $offset, mixed $value): void, or the #[\ReturnTypeWillChange] attribute should be used to temporarily suppress the notice in C:\xampp\htdocs\wordpress_dev\wp-includes\Requests\Utility\CaseInsensitiveDictionary.php on line 68
[24-Jan-2023 12:23:26 UTC] PHP Deprecated:  Return type of Requests_Utility_CaseInsensitiveDictionary::offsetUnset($key) should either be compatible with ArrayAccess::offsetUnset(mixed $offset): void, or the #[\ReturnTypeWillChange] attribute should be used to temporarily suppress the notice in C:\xampp\htdocs\wordpress_dev\wp-includes\Requests\Utility\CaseInsensitiveDictionary.php on line 82
[24-Jan-2023 12:23:26 UTC] PHP Deprecated:  Return type of Requests_Utility_CaseInsensitiveDictionary::getIterator() should either be compatible with IteratorAggregate::getIterator(): Traversable, or the #[\ReturnTypeWillChange] attribute should be used to temporarily suppress the notice in C:\xampp\htdocs\wordpress_dev\wp-includes\Requests\Utility\CaseInsensitiveDictionary.php on line 91
[24-Jan-2023 12:23:26 UTC] PHP Warning:  Cannot modify header information - headers already sent by (output started at C:\xampp\htdocs\wordpress_dev\wp-includes\Requests\Utility\CaseInsensitiveDictionary.php:15) in C:\xampp\htdocs\wordpress_dev\wp-admin\admin-header.php on line 9
[24-Jan-2023 12:23:26 UTC] PHP Warning:  Cannot modify header information - headers already sent by (output started at C:\xampp\htdocs\wordpress_dev\wp-includes\Requests\Utility\CaseInsensitiveDictionary.php:15) in C:\xampp\htdocs\wordpress_dev\wp-includes\option.php on line 1138
[24-Jan-2023 12:23:26 UTC] PHP Warning:  Cannot modify header information - headers already sent by (output started at C:\xampp\htdocs\wordpress_dev\wp-includes\Requests\Utility\CaseInsensitiveDictionary.php:15) in C:\xampp\htdocs\wordpress_dev\wp-includes\option.php on line 1139
[24-Jan-2023 12:23:27 UTC] PHP Warning:  Undefined array key 4 in C:\xampp\htdocs\wordpress_dev\wp-content\plugins\hook.php on line 33
[24-Jan-2023 12:24:27 UTC] PHP Warning:  Undefined array key 4 in C:\xampp\htdocs\wordpress_dev\wp-content\plugins\hook.php on line 34
[24-Jan-2023 12:25:27 UTC] PHP Warning:  Undefined array key 4 in C:\xampp\htdocs\wordpress_dev\wp-content\plugins\hook.php on line 33
[24-Jan-2023 12:25:35 UTC] PHP Warning:  Undefined array key 4 in C:\xampp\htdocs\wordpress_dev\wp-content\plugins\hook.php on line 33
[24-Jan-2023 12:26:24 UTC] PHP Warning:  Undefined array key 4 in C:\xampp\htdocs\wordpress_dev\wp-content\plugins\hook.php on line 36
[24-Jan-2023 12:27:28 UTC] PHP Warning:  Undefined array key 4 in C:\xampp\htdocs\wordpress_dev\wp-content\plugins\hook.php on line 36
[24-Jan-2023 12:27:58 UTC] PHP Warning:  Undefined array key 4 in C:\xampp\htdocs\wordpress_dev\wp-content\plugins\hook.php on line 36
[24-Jan-2023 12:29:29 UTC] PHP Warning:  Undefined array key 4 in C:\xampp\htdocs\wordpress_dev\wp-content\plugins\hook.php on line 36
[24-Jan-2023 12:29:50 UTC] PHP Warning:  Undefined array key 4 in C:\xampp\htdocs\wordpress_dev\wp-content\plugins\hook.php on line 37
[24-Jan-2023 12:31:30 UTC] PHP Warning:  Undefined array key 4 in C:\xampp\htdocs\wordpress_dev\wp-content\plugins\hook.php on line 37
[24-Jan-2023 12:33:31 UTC] PHP Warning:  Undefined array key 4 in C:\xampp\htdocs\wordpress_dev\wp-content\plugins\hook.php on line 37
[24-Jan-2023 12:34:55 UTC] PHP Parse error:  syntax error, unexpected token ";" in C:\xampp\htdocs\wordpress_dev\wp-content\plugins\hook.php on line 35
[24-Jan-2023 12:34:55 UTC] PHP Notice:  La fonction is_embed a été appelée de façon <strong>incorrecte</strong>. Les balises de requête conditionnelle ne fonctionnent pas avant le lancement de la requête. Avant cela, elles renvoient toujours le booléen <code>false</code>. Veuillez lire <a href="https://fr.wordpress.org/support/article/debugging-in-wordpress/">Débogage dans WordPress</a> (en) pour plus d’informations. (Ce message a été ajouté à la version 3.1.0.) in C:\xampp\htdocs\wordpress_dev\wp-includes\functions.php on line 5835
[24-Jan-2023 12:34:55 UTC] PHP Notice:  La fonction is_search a été appelée de façon <strong>incorrecte</strong>. Les balises de requête conditionnelle ne fonctionnent pas avant le lancement de la requête. Avant cela, elles renvoient toujours le booléen <code>false</code>. Veuillez lire <a href="https://fr.wordpress.org/support/article/debugging-in-wordpress/">Débogage dans WordPress</a> (en) pour plus d’informations. (Ce message a été ajouté à la version 3.1.0.) in C:\xampp\htdocs\wordpress_dev\wp-includes\functions.php on line 5835
[24-Jan-2023 12:35:32 UTC] PHP Parse error:  syntax error, unexpected token ";" in C:\xampp\htdocs\wordpress_dev\wp-content\plugins\hook.php on line 35
[24-Jan-2023 12:35:51 UTC] PHP Deprecated:  Return type of Requests_Cookie_Jar::offsetExists($key) should either be compatible with ArrayAccess::offsetExists(mixed $offset): bool, or the #[\ReturnTypeWillChange] attribute should be used to temporarily suppress the notice in C:\xampp\htdocs\wordpress_dev\wp-includes\Requests\Cookie\Jar.php on line 63
[24-Jan-2023 12:35:51 UTC] PHP Deprecated:  Return type of Requests_Cookie_Jar::offsetGet($key) should either be compatible with ArrayAccess::offsetGet(mixed $offset): mixed, or the #[\ReturnTypeWillChange] attribute should be used to temporarily suppress the notice in C:\xampp\htdocs\wordpress_dev\wp-includes\Requests\Cookie\Jar.php on line 73
[24-Jan-2023 12:35:51 UTC] PHP Deprecated:  Return type of Requests_Cookie_Jar::offsetSet($key, $value) should either be compatible with ArrayAccess::offsetSet(mixed $offset, mixed $value): void, or the #[\ReturnTypeWillChange] attribute should be used to temporarily suppress the notice in C:\xampp\htdocs\wordpress_dev\wp-includes\Requests\Cookie\Jar.php on line 89
[24-Jan-2023 12:35:51 UTC] PHP Deprecated:  Return type of Requests_Cookie_Jar::offsetUnset($key) should either be compatible with ArrayAccess::offsetUnset(mixed $offset): void, or the #[\ReturnTypeWillChange] attribute should be used to temporarily suppress the notice in C:\xampp\htdocs\wordpress_dev\wp-includes\Requests\Cookie\Jar.php on line 102
[24-Jan-2023 12:35:51 UTC] PHP Deprecated:  Return type of Requests_Cookie_Jar::getIterator() should either be compatible with IteratorAggregate::getIterator(): Traversable, or the #[\ReturnTypeWillChange] attribute should be used to temporarily suppress the notice in C:\xampp\htdocs\wordpress_dev\wp-includes\Requests\Cookie\Jar.php on line 111
[24-Jan-2023 12:35:51 UTC] PHP Deprecated:  http_build_query(): Passing null to parameter #2 ($numeric_prefix) of type string is deprecated in C:\xampp\htdocs\wordpress_dev\wp-includes\Requests\Transport\cURL.php on line 530
[24-Jan-2023 12:35:51 UTC] PHP Deprecated:  Return type of Requests_Utility_CaseInsensitiveDictionary::offsetExists($key) should either be compatible with ArrayAccess::offsetExists(mixed $offset): bool, or the #[\ReturnTypeWillChange] attribute should be used to temporarily suppress the notice in C:\xampp\htdocs\wordpress_dev\wp-includes\Requests\Utility\CaseInsensitiveDictionary.php on line 40
[24-Jan-2023 12:35:51 UTC] PHP Deprecated:  Return type of Requests_Utility_CaseInsensitiveDictionary::offsetGet($key) should either be compatible with ArrayAccess::offsetGet(mixed $offset): mixed, or the #[\ReturnTypeWillChange] attribute should be used to temporarily suppress the notice in C:\xampp\htdocs\wordpress_dev\wp-includes\Requests\Utility\CaseInsensitiveDictionary.php on line 51
[24-Jan-2023 12:35:51 UTC] PHP Deprecated:  Return type of Requests_Utility_CaseInsensitiveDictionary::offsetSet($key, $value) should either be compatible with ArrayAccess::offsetSet(mixed $offset, mixed $value): void, or the #[\ReturnTypeWillChange] attribute should be used to temporarily suppress the notice in C:\xampp\htdocs\wordpress_dev\wp-includes\Requests\Utility\CaseInsensitiveDictionary.php on line 68
[24-Jan-2023 12:35:51 UTC] PHP Deprecated:  Return type of Requests_Utility_CaseInsensitiveDictionary::offsetUnset($key) should either be compatible with ArrayAccess::offsetUnset(mixed $offset): void, or the #[\ReturnTypeWillChange] attribute should be used to temporarily suppress the notice in C:\xampp\htdocs\wordpress_dev\wp-includes\Requests\Utility\CaseInsensitiveDictionary.php on line 82
[24-Jan-2023 12:35:51 UTC] PHP Deprecated:  Return type of Requests_Utility_CaseInsensitiveDictionary::getIterator() should either be compatible with IteratorAggregate::getIterator(): Traversable, or the #[\ReturnTypeWillChange] attribute should be used to temporarily suppress the notice in C:\xampp\htdocs\wordpress_dev\wp-includes\Requests\Utility\CaseInsensitiveDictionary.php on line 91
[24-Jan-2023 12:36:01 UTC] PHP Deprecated:  Return type of Requests_Cookie_Jar::offsetExists($key) should either be compatible with ArrayAccess::offsetExists(mixed $offset): bool, or the #[\ReturnTypeWillChange] attribute should be used to temporarily suppress the notice in C:\xampp\htdocs\wordpress_dev\wp-includes\Requests\Cookie\Jar.php on line 63
[24-Jan-2023 12:36:01 UTC] PHP Deprecated:  Return type of Requests_Cookie_Jar::offsetGet($key) should either be compatible with ArrayAccess::offsetGet(mixed $offset): mixed, or the #[\ReturnTypeWillChange] attribute should be used to temporarily suppress the notice in C:\xampp\htdocs\wordpress_dev\wp-includes\Requests\Cookie\Jar.php on line 73
[24-Jan-2023 12:36:01 UTC] PHP Deprecated:  Return type of Requests_Cookie_Jar::offsetSet($key, $value) should either be compatible with ArrayAccess::offsetSet(mixed $offset, mixed $value): void, or the #[\ReturnTypeWillChange] attribute should be used to temporarily suppress the notice in C:\xampp\htdocs\wordpress_dev\wp-includes\Requests\Cookie\Jar.php on line 89
[24-Jan-2023 12:36:01 UTC] PHP Deprecated:  Return type of Requests_Cookie_Jar::offsetUnset($key) should either be compatible with ArrayAccess::offsetUnset(mixed $offset): void, or the #[\ReturnTypeWillChange] attribute should be used to temporarily suppress the notice in C:\xampp\htdocs\wordpress_dev\wp-includes\Requests\Cookie\Jar.php on line 102
[24-Jan-2023 12:36:01 UTC] PHP Deprecated:  Return type of Requests_Cookie_Jar::getIterator() should either be compatible with IteratorAggregate::getIterator(): Traversable, or the #[\ReturnTypeWillChange] attribute should be used to temporarily suppress the notice in C:\xampp\htdocs\wordpress_dev\wp-includes\Requests\Cookie\Jar.php on line 111
[24-Jan-2023 12:36:01 UTC] PHP Deprecated:  http_build_query(): Passing null to parameter #2 ($numeric_prefix) of type string is deprecated in C:\xampp\htdocs\wordpress_dev\wp-includes\Requests\Transport\cURL.php on line 345
[24-Jan-2023 12:36:01 UTC] PHP Deprecated:  Return type of Requests_Utility_CaseInsensitiveDictionary::offsetExists($key) should either be compatible with ArrayAccess::offsetExists(mixed $offset): bool, or the #[\ReturnTypeWillChange] attribute should be used to temporarily suppress the notice in C:\xampp\htdocs\wordpress_dev\wp-includes\Requests\Utility\CaseInsensitiveDictionary.php on line 40
[24-Jan-2023 12:36:01 UTC] PHP Deprecated:  Return type of Requests_Utility_CaseInsensitiveDictionary::offsetGet($key) should either be compatible with ArrayAccess::offsetGet(mixed $offset): mixed, or the #[\ReturnTypeWillChange] attribute should be used to temporarily suppress the notice in C:\xampp\htdocs\wordpress_dev\wp-includes\Requests\Utility\CaseInsensitiveDictionary.php on line 51
[24-Jan-2023 12:36:01 UTC] PHP Deprecated:  Return type of Requests_Utility_CaseInsensitiveDictionary::offsetSet($key, $value) should either be compatible with ArrayAccess::offsetSet(mixed $offset, mixed $value): void, or the #[\ReturnTypeWillChange] attribute should be used to temporarily suppress the notice in C:\xampp\htdocs\wordpress_dev\wp-includes\Requests\Utility\CaseInsensitiveDictionary.php on line 68
[24-Jan-2023 12:36:01 UTC] PHP Deprecated:  Return type of Requests_Utility_CaseInsensitiveDictionary::offsetUnset($key) should either be compatible with ArrayAccess::offsetUnset(mixed $offset): void, or the #[\ReturnTypeWillChange] attribute should be used to temporarily suppress the notice in C:\xampp\htdocs\wordpress_dev\wp-includes\Requests\Utility\CaseInsensitiveDictionary.php on line 82
[24-Jan-2023 12:36:01 UTC] PHP Deprecated:  Return type of Requests_Utility_CaseInsensitiveDictionary::getIterator() should either be compatible with IteratorAggregate::getIterator(): Traversable, or the #[\ReturnTypeWillChange] attribute should be used to temporarily suppress the notice in C:\xampp\htdocs\wordpress_dev\wp-includes\Requests\Utility\CaseInsensitiveDictionary.php on line 91
[24-Jan-2023 12:43:45 UTC] PHP Warning:  Undefined array key 4 in C:\xampp\htdocs\wordpress_dev\wp-content\plugins\hook.php on line 33
[24-Jan-2023 12:44:46 UTC] PHP Warning:  Undefined array key 4 in C:\xampp\htdocs\wordpress_dev\wp-content\plugins\hook.php on line 33
[24-Jan-2023 12:46:46 UTC] PHP Warning:  Undefined array key 4 in C:\xampp\htdocs\wordpress_dev\wp-content\plugins\hook.php on line 33
[24-Jan-2023 12:48:46 UTC] PHP Parse error:  syntax error, unexpected token "{" in C:\xampp\htdocs\wordpress_dev\wp-content\plugins\hook.php on line 32
[24-Jan-2023 12:49:05 UTC] Problème de chargement des données : $arrayToDisplay vide
[24-Jan-2023 12:49:05 UTC] PHP Warning:  Undefined array key 0 in C:\xampp\htdocs\wordpress_dev\wp-content\plugins\hook.php on line 36
[24-Jan-2023 12:49:09 UTC] Problème de chargement des données : $arrayToDisplay vide
[24-Jan-2023 12:50:10 UTC] Problème de chargement des données : $arrayToDisplay vide
[24-Jan-2023 12:51:10 UTC] Problème de chargement des données : $arrayToDisplay vide
[24-Jan-2023 12:52:10 UTC] Problème de chargement des données : $arrayToDisplay vide
[24-Jan-2023 12:53:10 UTC] Problème de chargement des données : $arrayToDisplay vide
[24-Jan-2023 12:54:38 UTC] Problème de chargement des données : $arrayToDisplay vide
[24-Jan-2023 12:54:39 UTC] Problème de chargement des données : $arrayToDisplay vide
[24-Jan-2023 12:55:39 UTC] Problème de chargement des données : $arrayToDisplay vide
[24-Jan-2023 12:57:39 UTC] Problème de chargement des données : $arrayToDisplay vide
[24-Jan-2023 13:01:35 UTC] PHP Warning:  error_log(custom_log.txtbr&gt;): Failed to open stream: No such file or directory in C:\xampp\htdocs\wordpress_dev\wp-content\plugins\hook.php on line 34
[24-Jan-2023 13:01:54 UTC] PHP Warning:  error_log(custom_log.txtbr&gt;): Failed to open stream: No such file or directory in C:\xampp\htdocs\wordpress_dev\wp-content\plugins\hook.php on line 34
[24-Jan-2023 13:05:39 UTC] PHP Fatal error:  Uncaught ArgumentCountError: time() expects exactly 0 arguments, 1 given in C:\xampp\htdocs\wordpress_dev\wp-content\plugins\hook.php:33
Stack trace:
#0 C:\xampp\htdocs\wordpress_dev\wp-content\plugins\hook.php(33): time('d/m/Y H:i:s')
#1 C:\xampp\htdocs\wordpress_dev\wp-content\plugins\hook.php(42): display_array(Array)
#2 C:\xampp\htdocs\wordpress_dev\wp-settings.php(447): include_once('C:\\xampp\\htdocs...')
#3 C:\xampp\htdocs\wordpress_dev\wp-config.php(99): require_once('C:\\xampp\\htdocs...')
#4 C:\xampp\htdocs\wordpress_dev\wp-load.php(50): require_once('C:\\xampp\\htdocs...')
#5 C:\xampp\htdocs\wordpress_dev\wp-blog-header.php(13): require_once('C:\\xampp\\htdocs...')
#6 C:\xampp\htdocs\wordpress_dev\index.php(17): require('C:\\xampp\\htdocs...')
#7 {main}
  thrown in C:\xampp\htdocs\wordpress_dev\wp-content\plugins\hook.php on line 33
[24-Jan-2023 13:05:39 UTC] PHP Notice:  La fonction is_embed a été appelée de façon <strong>incorrecte</strong>. Les balises de requête conditionnelle ne fonctionnent pas avant le lancement de la requête. Avant cela, elles renvoient toujours le booléen <code>false</code>. Veuillez lire <a href="https://fr.wordpress.org/support/article/debugging-in-wordpress/">Débogage dans WordPress</a> (en) pour plus d’informations. (Ce message a été ajouté à la version 3.1.0.) in C:\xampp\htdocs\wordpress_dev\wp-includes\functions.php on line 5835
[24-Jan-2023 13:05:39 UTC] PHP Notice:  La fonction is_search a été appelée de façon <strong>incorrecte</strong>. Les balises de requête conditionnelle ne fonctionnent pas avant le lancement de la requête. Avant cela, elles renvoient toujours le booléen <code>false</code>. Veuillez lire <a href="https://fr.wordpress.org/support/article/debugging-in-wordpress/">Débogage dans WordPress</a> (en) pour plus d’informations. (Ce message a été ajouté à la version 3.1.0.) in C:\xampp\htdocs\wordpress_dev\wp-includes\functions.php on line 5835
[24-Jan-2023 13:06:24 UTC] PHP Fatal error:  Uncaught ArgumentCountError: time() expects exactly 0 arguments, 1 given in C:\xampp\htdocs\wordpress_dev\wp-content\plugins\hook.php:33
Stack trace:
#0 C:\xampp\htdocs\wordpress_dev\wp-content\plugins\hook.php(33): time('d/m/Y H:i:s')
#1 C:\xampp\htdocs\wordpress_dev\wp-content\plugins\hook.php(42): display_array(Array)
#2 C:\xampp\htdocs\wordpress_dev\wp-settings.php(447): include_once('C:\\xampp\\htdocs...')
#3 C:\xampp\htdocs\wordpress_dev\wp-config.php(99): require_once('C:\\xampp\\htdocs...')
#4 C:\xampp\htdocs\wordpress_dev\wp-load.php(50): require_once('C:\\xampp\\htdocs...')
#5 C:\xampp\htdocs\wordpress_dev\wp-admin\admin-ajax.php(22): require_once('C:\\xampp\\htdocs...')
#6 {main}
  thrown in C:\xampp\htdocs\wordpress_dev\wp-content\plugins\hook.php on line 33
[24-Jan-2023 13:10:15 UTC] PHP Warning:  error_log(custom_log.txt
): Failed to open stream: No such file or directory in C:\xampp\htdocs\wordpress_dev\wp-content\plugins\hook.php on line 35
[24-Jan-2023 13:10:26 UTC] PHP Warning:  error_log(custom_log.txt
): Failed to open stream: No such file or directory in C:\xampp\htdocs\wordpress_dev\wp-content\plugins\hook.php on line 35
[24-Jan-2023 13:10:27 UTC] PHP Warning:  error_log(custom_log.txt
): Failed to open stream: No such file or directory in C:\xampp\htdocs\wordpress_dev\wp-content\plugins\hook.php on line 35
[24-Jan-2023 13:10:57 UTC] PHP Warning:  error_log(custom_log.txt
): Failed to open stream: No such file or directory in C:\xampp\htdocs\wordpress_dev\wp-content\plugins\hook.php on line 35
[24-Jan-2023 13:18:30 UTC] PHP Deprecated:  Return type of Requests_Cookie_Jar::offsetExists($key) should either be compatible with ArrayAccess::offsetExists(mixed $offset): bool, or the #[\ReturnTypeWillChange] attribute should be used to temporarily suppress the notice in C:\xampp\htdocs\wordpress_dev\wp-includes\Requests\Cookie\Jar.php on line 63
[24-Jan-2023 13:18:30 UTC] PHP Deprecated:  Return type of Requests_Cookie_Jar::offsetGet($key) should either be compatible with ArrayAccess::offsetGet(mixed $offset): mixed, or the #[\ReturnTypeWillChange] attribute should be used to temporarily suppress the notice in C:\xampp\htdocs\wordpress_dev\wp-includes\Requests\Cookie\Jar.php on line 73
[24-Jan-2023 13:18:30 UTC] PHP Deprecated:  Return type of Requests_Cookie_Jar::offsetSet($key, $value) should either be compatible with ArrayAccess::offsetSet(mixed $offset, mixed $value): void, or the #[\ReturnTypeWillChange] attribute should be used to temporarily suppress the notice in C:\xampp\htdocs\wordpress_dev\wp-includes\Requests\Cookie\Jar.php on line 89
[24-Jan-2023 13:18:30 UTC] PHP Deprecated:  Return type of Requests_Cookie_Jar::offsetUnset($key) should either be compatible with ArrayAccess::offsetUnset(mixed $offset): void, or the #[\ReturnTypeWillChange] attribute should be used to temporarily suppress the notice in C:\xampp\htdocs\wordpress_dev\wp-includes\Requests\Cookie\Jar.php on line 102
[24-Jan-2023 13:18:30 UTC] PHP Deprecated:  Return type of Requests_Cookie_Jar::getIterator() should either be compatible with IteratorAggregate::getIterator(): Traversable, or the #[\ReturnTypeWillChange] attribute should be used to temporarily suppress the notice in C:\xampp\htdocs\wordpress_dev\wp-includes\Requests\Cookie\Jar.php on line 111
[24-Jan-2023 13:18:30 UTC] PHP Deprecated:  Return type of Requests_Utility_CaseInsensitiveDictionary::offsetExists($key) should either be compatible with ArrayAccess::offsetExists(mixed $offset): bool, or the #[\ReturnTypeWillChange] attribute should be used to temporarily suppress the notice in C:\xampp\htdocs\wordpress_dev\wp-includes\Requests\Utility\CaseInsensitiveDictionary.php on line 40
[24-Jan-2023 13:18:30 UTC] PHP Deprecated:  Return type of Requests_Utility_CaseInsensitiveDictionary::offsetGet($key) should either be compatible with ArrayAccess::offsetGet(mixed $offset): mixed, or the #[\ReturnTypeWillChange] attribute should be used to temporarily suppress the notice in C:\xampp\htdocs\wordpress_dev\wp-includes\Requests\Utility\CaseInsensitiveDictionary.php on line 51
[24-Jan-2023 13:18:30 UTC] PHP Deprecated:  Return type of Requests_Utility_CaseInsensitiveDictionary::offsetSet($key, $value) should either be compatible with ArrayAccess::offsetSet(mixed $offset, mixed $value): void, or the #[\ReturnTypeWillChange] attribute should be used to temporarily suppress the notice in C:\xampp\htdocs\wordpress_dev\wp-includes\Requests\Utility\CaseInsensitiveDictionary.php on line 68
[24-Jan-2023 13:18:30 UTC] PHP Deprecated:  Return type of Requests_Utility_CaseInsensitiveDictionary::offsetUnset($key) should either be compatible with ArrayAccess::offsetUnset(mixed $offset): void, or the #[\ReturnTypeWillChange] attribute should be used to temporarily suppress the notice in C:\xampp\htdocs\wordpress_dev\wp-includes\Requests\Utility\CaseInsensitiveDictionary.php on line 82
[24-Jan-2023 13:18:30 UTC] PHP Deprecated:  Return type of Requests_Utility_CaseInsensitiveDictionary::getIterator() should either be compatible with IteratorAggregate::getIterator(): Traversable, or the #[\ReturnTypeWillChange] attribute should be used to temporarily suppress the notice in C:\xampp\htdocs\wordpress_dev\wp-includes\Requests\Utility\CaseInsensitiveDictionary.php on line 91
[24-Jan-2023 13:42:05 UTC] PHP Deprecated:  Return type of Requests_Cookie_Jar::offsetExists($key) should either be compatible with ArrayAccess::offsetExists(mixed $offset): bool, or the #[\ReturnTypeWillChange] attribute should be used to temporarily suppress the notice in C:\xampp\htdocs\wordpress_dev\wp-includes\Requests\Cookie\Jar.php on line 63
[24-Jan-2023 13:42:05 UTC] PHP Deprecated:  Return type of Requests_Cookie_Jar::offsetGet($key) should either be compatible with ArrayAccess::offsetGet(mixed $offset): mixed, or the #[\ReturnTypeWillChange] attribute should be used to temporarily suppress the notice in C:\xampp\htdocs\wordpress_dev\wp-includes\Requests\Cookie\Jar.php on line 73
[24-Jan-2023 13:42:05 UTC] PHP Deprecated:  Return type of Requests_Cookie_Jar::offsetSet($key, $value) should either be compatible with ArrayAccess::offsetSet(mixed $offset, mixed $value): void, or the #[\ReturnTypeWillChange] attribute should be used to temporarily suppress the notice in C:\xampp\htdocs\wordpress_dev\wp-includes\Requests\Cookie\Jar.php on line 89
[24-Jan-2023 13:42:05 UTC] PHP Deprecated:  Return type of Requests_Cookie_Jar::offsetUnset($key) should either be compatible with ArrayAccess::offsetUnset(mixed $offset): void, or the #[\ReturnTypeWillChange] attribute should be used to temporarily suppress the notice in C:\xampp\htdocs\wordpress_dev\wp-includes\Requests\Cookie\Jar.php on line 102
[24-Jan-2023 13:42:05 UTC] PHP Deprecated:  Return type of Requests_Cookie_Jar::getIterator() should either be compatible with IteratorAggregate::getIterator(): Traversable, or the #[\ReturnTypeWillChange] attribute should be used to temporarily suppress the notice in C:\xampp\htdocs\wordpress_dev\wp-includes\Requests\Cookie\Jar.php on line 111
[24-Jan-2023 13:42:05 UTC] PHP Deprecated:  http_build_query(): Passing null to parameter #2 ($numeric_prefix) of type string is deprecated in C:\xampp\htdocs\wordpress_dev\wp-includes\Requests\Transport\cURL.php on line 345
[24-Jan-2023 13:42:06 UTC] PHP Deprecated:  Return type of Requests_Utility_CaseInsensitiveDictionary::offsetExists($key) should either be compatible with ArrayAccess::offsetExists(mixed $offset): bool, or the #[\ReturnTypeWillChange] attribute should be used to temporarily suppress the notice in C:\xampp\htdocs\wordpress_dev\wp-includes\Requests\Utility\CaseInsensitiveDictionary.php on line 40
[24-Jan-2023 13:42:06 UTC] PHP Deprecated:  Return type of Requests_Utility_CaseInsensitiveDictionary::offsetGet($key) should either be compatible with ArrayAccess::offsetGet(mixed $offset): mixed, or the #[\ReturnTypeWillChange] attribute should be used to temporarily suppress the notice in C:\xampp\htdocs\wordpress_dev\wp-includes\Requests\Utility\CaseInsensitiveDictionary.php on line 51
[24-Jan-2023 13:42:06 UTC] PHP Deprecated:  Return type of Requests_Utility_CaseInsensitiveDictionary::offsetSet($key, $value) should either be compatible with ArrayAccess::offsetSet(mixed $offset, mixed $value): void, or the #[\ReturnTypeWillChange] attribute should be used to temporarily suppress the notice in C:\xampp\htdocs\wordpress_dev\wp-includes\Requests\Utility\CaseInsensitiveDictionary.php on line 68
[24-Jan-2023 13:42:06 UTC] PHP Deprecated:  Return type of Requests_Utility_CaseInsensitiveDictionary::offsetUnset($key) should either be compatible with ArrayAccess::offsetUnset(mixed $offset): void, or the #[\ReturnTypeWillChange] attribute should be used to temporarily suppress the notice in C:\xampp\htdocs\wordpress_dev\wp-includes\Requests\Utility\CaseInsensitiveDictionary.php on line 82
[24-Jan-2023 13:42:06 UTC] PHP Deprecated:  Return type of Requests_Utility_CaseInsensitiveDictionary::getIterator() should either be compatible with IteratorAggregate::getIterator(): Traversable, or the #[\ReturnTypeWillChange] attribute should be used to temporarily suppress the notice in C:\xampp\htdocs\wordpress_dev\wp-includes\Requests\Utility\CaseInsensitiveDictionary.php on line 91
[24-Jan-2023 13:42:06 UTC] PHP Warning:  Cannot modify header information - headers already sent by (output started at C:\xampp\htdocs\wordpress_dev\wp-includes\Requests\Utility\CaseInsensitiveDictionary.php:15) in C:\xampp\htdocs\wordpress_dev\wp-admin\admin-header.php on line 9
[24-Jan-2023 13:42:06 UTC] PHP Warning:  Cannot modify header information - headers already sent by (output started at C:\xampp\htdocs\wordpress_dev\wp-includes\Requests\Utility\CaseInsensitiveDictionary.php:15) in C:\xampp\htdocs\wordpress_dev\wp-includes\option.php on line 1138
[24-Jan-2023 13:42:06 UTC] PHP Warning:  Cannot modify header information - headers already sent by (output started at C:\xampp\htdocs\wordpress_dev\wp-includes\Requests\Utility\CaseInsensitiveDictionary.php:15) in C:\xampp\htdocs\wordpress_dev\wp-includes\option.php on line 1139
[24-Jan-2023 13:42:19 UTC] PHP Deprecated:  Return type of Requests_Cookie_Jar::offsetExists($key) should either be compatible with ArrayAccess::offsetExists(mixed $offset): bool, or the #[\ReturnTypeWillChange] attribute should be used to temporarily suppress the notice in C:\xampp\htdocs\wordpress_dev\wp-includes\Requests\Cookie\Jar.php on line 63
[24-Jan-2023 13:42:19 UTC] PHP Deprecated:  Return type of Requests_Cookie_Jar::offsetGet($key) should either be compatible with ArrayAccess::offsetGet(mixed $offset): mixed, or the #[\ReturnTypeWillChange] attribute should be used to temporarily suppress the notice in C:\xampp\htdocs\wordpress_dev\wp-includes\Requests\Cookie\Jar.php on line 73
[24-Jan-2023 13:42:19 UTC] PHP Deprecated:  Return type of Requests_Cookie_Jar::offsetSet($key, $value) should either be compatible with ArrayAccess::offsetSet(mixed $offset, mixed $value): void, or the #[\ReturnTypeWillChange] attribute should be used to temporarily suppress the notice in C:\xampp\htdocs\wordpress_dev\wp-includes\Requests\Cookie\Jar.php on line 89
[24-Jan-2023 13:42:19 UTC] PHP Deprecated:  Return type of Requests_Cookie_Jar::offsetUnset($key) should either be compatible with ArrayAccess::offsetUnset(mixed $offset): void, or the #[\ReturnTypeWillChange] attribute should be used to temporarily suppress the notice in C:\xampp\htdocs\wordpress_dev\wp-includes\Requests\Cookie\Jar.php on line 102
[24-Jan-2023 13:42:19 UTC] PHP Deprecated:  Return type of Requests_Cookie_Jar::getIterator() should either be compatible with IteratorAggregate::getIterator(): Traversable, or the #[\ReturnTypeWillChange] attribute should be used to temporarily suppress the notice in C:\xampp\htdocs\wordpress_dev\wp-includes\Requests\Cookie\Jar.php on line 111
[24-Jan-2023 13:42:19 UTC] PHP Deprecated:  http_build_query(): Passing null to parameter #2 ($numeric_prefix) of type string is deprecated in C:\xampp\htdocs\wordpress_dev\wp-includes\Requests\Transport\cURL.php on line 345
[24-Jan-2023 13:42:20 UTC] PHP Deprecated:  Return type of Requests_Utility_CaseInsensitiveDictionary::offsetExists($key) should either be compatible with ArrayAccess::offsetExists(mixed $offset): bool, or the #[\ReturnTypeWillChange] attribute should be used to temporarily suppress the notice in C:\xampp\htdocs\wordpress_dev\wp-includes\Requests\Utility\CaseInsensitiveDictionary.php on line 40
[24-Jan-2023 13:42:20 UTC] PHP Deprecated:  Return type of Requests_Utility_CaseInsensitiveDictionary::offsetGet($key) should either be compatible with ArrayAccess::offsetGet(mixed $offset): mixed, or the #[\ReturnTypeWillChange] attribute should be used to temporarily suppress the notice in C:\xampp\htdocs\wordpress_dev\wp-includes\Requests\Utility\CaseInsensitiveDictionary.php on line 51
[24-Jan-2023 13:42:20 UTC] PHP Deprecated:  Return type of Requests_Utility_CaseInsensitiveDictionary::offsetSet($key, $value) should either be compatible with ArrayAccess::offsetSet(mixed $offset, mixed $value): void, or the #[\ReturnTypeWillChange] attribute should be used to temporarily suppress the notice in C:\xampp\htdocs\wordpress_dev\wp-includes\Requests\Utility\CaseInsensitiveDictionary.php on line 68
[24-Jan-2023 13:42:20 UTC] PHP Deprecated:  Return type of Requests_Utility_CaseInsensitiveDictionary::offsetUnset($key) should either be compatible with ArrayAccess::offsetUnset(mixed $offset): void, or the #[\ReturnTypeWillChange] attribute should be used to temporarily suppress the notice in C:\xampp\htdocs\wordpress_dev\wp-includes\Requests\Utility\CaseInsensitiveDictionary.php on line 82
[24-Jan-2023 13:42:20 UTC] PHP Deprecated:  Return type of Requests_Utility_CaseInsensitiveDictionary::getIterator() should either be compatible with IteratorAggregate::getIterator(): Traversable, or the #[\ReturnTypeWillChange] attribute should be used to temporarily suppress the notice in C:\xampp\htdocs\wordpress_dev\wp-includes\Requests\Utility\CaseInsensitiveDictionary.php on line 91
[24-Jan-2023 14:17:38 UTC] PHP Deprecated:  Return type of Requests_Cookie_Jar::offsetExists($key) should either be compatible with ArrayAccess::offsetExists(mixed $offset): bool, or the #[\ReturnTypeWillChange] attribute should be used to temporarily suppress the notice in C:\xampp\htdocs\wordpress_dev\wp-includes\Requests\Cookie\Jar.php on line 63
[24-Jan-2023 14:17:38 UTC] PHP Deprecated:  Return type of Requests_Cookie_Jar::offsetGet($key) should either be compatible with ArrayAccess::offsetGet(mixed $offset): mixed, or the #[\ReturnTypeWillChange] attribute should be used to temporarily suppress the notice in C:\xampp\htdocs\wordpress_dev\wp-includes\Requests\Cookie\Jar.php on line 73
[24-Jan-2023 14:17:38 UTC] PHP Deprecated:  Return type of Requests_Cookie_Jar::offsetSet($key, $value) should either be compatible with ArrayAccess::offsetSet(mixed $offset, mixed $value): void, or the #[\ReturnTypeWillChange] attribute should be used to temporarily suppress the notice in C:\xampp\htdocs\wordpress_dev\wp-includes\Requests\Cookie\Jar.php on line 89
[24-Jan-2023 14:17:38 UTC] PHP Deprecated:  Return type of Requests_Cookie_Jar::offsetUnset($key) should either be compatible with ArrayAccess::offsetUnset(mixed $offset): void, or the #[\ReturnTypeWillChange] attribute should be used to temporarily suppress the notice in C:\xampp\htdocs\wordpress_dev\wp-includes\Requests\Cookie\Jar.php on line 102
[24-Jan-2023 14:17:38 UTC] PHP Deprecated:  Return type of Requests_Cookie_Jar::getIterator() should either be compatible with IteratorAggregate::getIterator(): Traversable, or the #[\ReturnTypeWillChange] attribute should be used to temporarily suppress the notice in C:\xampp\htdocs\wordpress_dev\wp-includes\Requests\Cookie\Jar.php on line 111
[24-Jan-2023 14:17:38 UTC] PHP Deprecated:  Return type of Requests_Utility_CaseInsensitiveDictionary::offsetExists($key) should either be compatible with ArrayAccess::offsetExists(mixed $offset): bool, or the #[\ReturnTypeWillChange] attribute should be used to temporarily suppress the notice in C:\xampp\htdocs\wordpress_dev\wp-includes\Requests\Utility\CaseInsensitiveDictionary.php on line 40
[24-Jan-2023 14:17:38 UTC] PHP Deprecated:  Return type of Requests_Utility_CaseInsensitiveDictionary::offsetGet($key) should either be compatible with ArrayAccess::offsetGet(mixed $offset): mixed, or the #[\ReturnTypeWillChange] attribute should be used to temporarily suppress the notice in C:\xampp\htdocs\wordpress_dev\wp-includes\Requests\Utility\CaseInsensitiveDictionary.php on line 51
[24-Jan-2023 14:17:38 UTC] PHP Deprecated:  Return type of Requests_Utility_CaseInsensitiveDictionary::offsetSet($key, $value) should either be compatible with ArrayAccess::offsetSet(mixed $offset, mixed $value): void, or the #[\ReturnTypeWillChange] attribute should be used to temporarily suppress the notice in C:\xampp\htdocs\wordpress_dev\wp-includes\Requests\Utility\CaseInsensitiveDictionary.php on line 68
[24-Jan-2023 14:17:38 UTC] PHP Deprecated:  Return type of Requests_Utility_CaseInsensitiveDictionary::offsetUnset($key) should either be compatible with ArrayAccess::offsetUnset(mixed $offset): void, or the #[\ReturnTypeWillChange] attribute should be used to temporarily suppress the notice in C:\xampp\htdocs\wordpress_dev\wp-includes\Requests\Utility\CaseInsensitiveDictionary.php on line 82
[24-Jan-2023 14:17:38 UTC] PHP Deprecated:  Return type of Requests_Utility_CaseInsensitiveDictionary::getIterator() should either be compatible with IteratorAggregate::getIterator(): Traversable, or the #[\ReturnTypeWillChange] attribute should be used to temporarily suppress the notice in C:\xampp\htdocs\wordpress_dev\wp-includes\Requests\Utility\CaseInsensitiveDictionary.php on line 91
[24-Jan-2023 14:24:45 UTC] PHP Warning:  Undefined variable $test in C:\xampp\htdocs\wordpress_dev\wp-content\plugins\hook.php on line 21
[24-Jan-2023 14:24:45 UTC] PHP Warning:  Undefined variable $test in C:\xampp\htdocs\wordpress_dev\wp-content\plugins\hook.php on line 23
[24-Jan-2023 14:24:45 UTC] PHP Warning:  foreach() argument must be of type array|object, null given in C:\xampp\htdocs\wordpress_dev\wp-content\plugins\hook.php on line 23
[24-Jan-2023 14:25:42 UTC] PHP Warning:  Undefined variable $test in C:\xampp\htdocs\wordpress_dev\wp-content\plugins\hook.php on line 21
[24-Jan-2023 14:25:42 UTC] PHP Warning:  Undefined variable $test in C:\xampp\htdocs\wordpress_dev\wp-content\plugins\hook.php on line 23
[24-Jan-2023 14:25:42 UTC] PHP Warning:  foreach() argument must be of type array|object, null given in C:\xampp\htdocs\wordpress_dev\wp-content\plugins\hook.php on line 23
[24-Jan-2023 14:25:58 UTC] PHP Warning:  Undefined variable $test in C:\xampp\htdocs\wordpress_dev\wp-content\plugins\hook.php on line 21
[24-Jan-2023 14:25:58 UTC] PHP Warning:  Undefined variable $test in C:\xampp\htdocs\wordpress_dev\wp-content\plugins\hook.php on line 23
[24-Jan-2023 14:25:58 UTC] PHP Warning:  foreach() argument must be of type array|object, null given in C:\xampp\htdocs\wordpress_dev\wp-content\plugins\hook.php on line 23
[24-Jan-2023 14:26:44 UTC] PHP Warning:  Undefined variable $test in C:\xampp\htdocs\wordpress_dev\wp-content\plugins\hook.php on line 21
[24-Jan-2023 14:26:44 UTC] PHP Warning:  Undefined variable $test in C:\xampp\htdocs\wordpress_dev\wp-content\plugins\hook.php on line 23
[24-Jan-2023 14:26:44 UTC] PHP Warning:  foreach() argument must be of type array|object, null given in C:\xampp\htdocs\wordpress_dev\wp-content\plugins\hook.php on line 23
[24-Jan-2023 14:27:43 UTC] PHP Warning:  Undefined variable $test in C:\xampp\htdocs\wordpress_dev\wp-content\plugins\hook.php on line 21
[24-Jan-2023 14:27:43 UTC] PHP Warning:  Undefined variable $test in C:\xampp\htdocs\wordpress_dev\wp-content\plugins\hook.php on line 23
[24-Jan-2023 14:27:43 UTC] PHP Warning:  foreach() argument must be of type array|object, null given in C:\xampp\htdocs\wordpress_dev\wp-content\plugins\hook.php on line 23
[24-Jan-2023 14:27:43 UTC] PHP Warning:  Undefined variable $test in C:\xampp\htdocs\wordpress_dev\wp-content\plugins\hook.php on line 21
[24-Jan-2023 14:27:43 UTC] PHP Warning:  Undefined variable $test in C:\xampp\htdocs\wordpress_dev\wp-content\plugins\hook.php on line 23
[24-Jan-2023 14:27:43 UTC] PHP Warning:  foreach() argument must be of type array|object, null given in C:\xampp\htdocs\wordpress_dev\wp-content\plugins\hook.php on line 23
[24-Jan-2023 14:27:43 UTC] PHP Deprecated:  preg_replace(): Passing null to parameter #3 ($subject) of type array|string is deprecated in C:\xampp\htdocs\wordpress_dev\wp-includes\formatting.php on line 5397
[24-Jan-2023 14:27:43 UTC] PHP Deprecated:  trim(): Passing null to parameter #1 ($string) of type string is deprecated in C:\xampp\htdocs\wordpress_dev\wp-includes\pluggable.php on line 598
[24-Jan-2023 14:28:04 UTC] PHP Warning:  Undefined variable $test in C:\xampp\htdocs\wordpress_dev\wp-content\plugins\hook.php on line 21
[24-Jan-2023 14:28:04 UTC] PHP Warning:  Undefined variable $test in C:\xampp\htdocs\wordpress_dev\wp-content\plugins\hook.php on line 23
[24-Jan-2023 14:28:04 UTC] PHP Warning:  foreach() argument must be of type array|object, null given in C:\xampp\htdocs\wordpress_dev\wp-content\plugins\hook.php on line 23
[24-Jan-2023 14:28:11 UTC] PHP Warning:  Undefined variable $test in C:\xampp\htdocs\wordpress_dev\wp-content\plugins\hook.php on line 21
[24-Jan-2023 14:28:11 UTC] PHP Warning:  Undefined variable $test in C:\xampp\htdocs\wordpress_dev\wp-content\plugins\hook.php on line 23
[24-Jan-2023 14:28:11 UTC] PHP Warning:  foreach() argument must be of type array|object, null given in C:\xampp\htdocs\wordpress_dev\wp-content\plugins\hook.php on line 23
[24-Jan-2023 14:29:44 UTC] PHP Warning:  Undefined variable $test in C:\xampp\htdocs\wordpress_dev\wp-content\plugins\hook.php on line 21
[24-Jan-2023 14:29:44 UTC] PHP Warning:  Undefined variable $test in C:\xampp\htdocs\wordpress_dev\wp-content\plugins\hook.php on line 23
[24-Jan-2023 14:29:44 UTC] PHP Warning:  foreach() argument must be of type array|object, null given in C:\xampp\htdocs\wordpress_dev\wp-content\plugins\hook.php on line 23
